----------------------------------------------------------------
Sun Mar 01 10:15:24 IST 2020:
Booting Derby version The Apache Software Foundation - Apache Derby - 10.14.2.0 - (1828579): instance a816c00e-0170-9469-c487-000018f291a0 
on database directory memory:/home/sugreev/Desktop/MyTest/CourseApp-data/testdb with class loader sun.misc.Launcher$AppClassLoader@75b84c92 
Loaded from file:/home/sugreev/.m2/repository/org/apache/derby/derby/10.14.2.0/derby-10.14.2.0.jar
java.vendor=Private Build
java.runtime.version=1.8.0_242-8u242-b08-0ubuntu3~18.04-b08
user.dir=/home/sugreev/Desktop/MyTest/CourseApp-data
os.name=Linux
os.arch=amd64
os.version=5.3.0-28-generic
derby.system.home=null
Database Class Loader started - derby.database.classpath=''
----------------------------------------------------------------
Sun Mar 01 10:22:26 IST 2020:
Shutting down instance a816c00e-0170-9469-c487-000018f291a0 on database directory memory:/home/sugreev/Desktop/MyTest/CourseApp-data/testdb with class loader sun.misc.Launcher$AppClassLoader@75b84c92 
----------------------------------------------------------------
Sun Mar 01 10:22:27 IST 2020:
Booting Derby version The Apache Software Foundation - Apache Derby - 10.14.2.0 - (1828579): instance f67740d7-0170-9469-c487-000018f291a0 
on database directory memory:/home/sugreev/Desktop/MyTest/CourseApp-data/testdb with class loader sun.misc.Launcher$AppClassLoader@75b84c92 
Loaded from file:/home/sugreev/.m2/repository/org/apache/derby/derby/10.14.2.0/derby-10.14.2.0.jar
java.vendor=Private Build
java.runtime.version=1.8.0_242-8u242-b08-0ubuntu3~18.04-b08
user.dir=/home/sugreev/Desktop/MyTest/CourseApp-data
os.name=Linux
os.arch=amd64
os.version=5.3.0-28-generic
derby.system.home=null
Database Class Loader started - derby.database.classpath=''
----------------------------------------------------------------
Sun Mar 01 10:22:35 IST 2020:
Shutting down instance f67740d7-0170-9469-c487-000018f291a0 on database directory memory:/home/sugreev/Desktop/MyTest/CourseApp-data/testdb with class loader sun.misc.Launcher$AppClassLoader@75b84c92 
----------------------------------------------------------------
Sun Mar 01 10:22:36 IST 2020:
Booting Derby version The Apache Software Foundation - Apache Derby - 10.14.2.0 - (1828579): instance ef1ac193-0170-9469-c487-000018f291a0 
on database directory memory:/home/sugreev/Desktop/MyTest/CourseApp-data/testdb with class loader sun.misc.Launcher$AppClassLoader@75b84c92 
Loaded from file:/home/sugreev/.m2/repository/org/apache/derby/derby/10.14.2.0/derby-10.14.2.0.jar
java.vendor=Private Build
java.runtime.version=1.8.0_242-8u242-b08-0ubuntu3~18.04-b08
user.dir=/home/sugreev/Desktop/MyTest/CourseApp-data
os.name=Linux
os.arch=amd64
os.version=5.3.0-28-generic
derby.system.home=null
Database Class Loader started - derby.database.classpath=''
----------------------------------------------------------------
Sun Mar 01 10:24:47 IST 2020:
Shutting down instance ef1ac193-0170-9469-c487-000018f291a0 on database directory memory:/home/sugreev/Desktop/MyTest/CourseApp-data/testdb with class loader sun.misc.Launcher$AppClassLoader@75b84c92 
----------------------------------------------------------------
Sun Mar 01 10:24:49 IST 2020:
Booting Derby version The Apache Software Foundation - Apache Derby - 10.14.2.0 - (1828579): instance 0a42424f-0170-9469-c487-000018f291a0 
on database directory memory:/home/sugreev/Desktop/MyTest/CourseApp-data/testdb with class loader sun.misc.Launcher$AppClassLoader@75b84c92 
Loaded from file:/home/sugreev/.m2/repository/org/apache/derby/derby/10.14.2.0/derby-10.14.2.0.jar
java.vendor=Private Build
java.runtime.version=1.8.0_242-8u242-b08-0ubuntu3~18.04-b08
user.dir=/home/sugreev/Desktop/MyTest/CourseApp-data
os.name=Linux
os.arch=amd64
os.version=5.3.0-28-generic
derby.system.home=null
Database Class Loader started - derby.database.classpath=''
----------------------------------------------------------------
Sun Mar 01 10:25:01 IST 2020:
Shutting down instance 0a42424f-0170-9469-c487-000018f291a0 on database directory memory:/home/sugreev/Desktop/MyTest/CourseApp-data/testdb with class loader sun.misc.Launcher$AppClassLoader@75b84c92 
----------------------------------------------------------------
Sun Mar 01 10:25:02 IST 2020:
Booting Derby version The Apache Software Foundation - Apache Derby - 10.14.2.0 - (1828579): instance 47edc30b-0170-9469-c487-000018f291a0 
on database directory memory:/home/sugreev/Desktop/MyTest/CourseApp-data/testdb with class loader sun.misc.Launcher$AppClassLoader@75b84c92 
Loaded from file:/home/sugreev/.m2/repository/org/apache/derby/derby/10.14.2.0/derby-10.14.2.0.jar
java.vendor=Private Build
java.runtime.version=1.8.0_242-8u242-b08-0ubuntu3~18.04-b08
user.dir=/home/sugreev/Desktop/MyTest/CourseApp-data
os.name=Linux
os.arch=amd64
os.version=5.3.0-28-generic
derby.system.home=null
Database Class Loader started - derby.database.classpath=''
----------------------------------------------------------------
Sun Mar 01 10:25:15 IST 2020:
Shutting down instance 47edc30b-0170-9469-c487-000018f291a0 on database directory memory:/home/sugreev/Desktop/MyTest/CourseApp-data/testdb with class loader sun.misc.Launcher$AppClassLoader@75b84c92 
----------------------------------------------------------------
Sun Mar 01 10:25:16 IST 2020:
Booting Derby version The Apache Software Foundation - Apache Derby - 10.14.2.0 - (1828579): instance a81d43c7-0170-9469-c487-000018f291a0 
on database directory memory:/home/sugreev/Desktop/MyTest/CourseApp-data/testdb with class loader sun.misc.Launcher$AppClassLoader@75b84c92 
Loaded from file:/home/sugreev/.m2/repository/org/apache/derby/derby/10.14.2.0/derby-10.14.2.0.jar
java.vendor=Private Build
java.runtime.version=1.8.0_242-8u242-b08-0ubuntu3~18.04-b08
user.dir=/home/sugreev/Desktop/MyTest/CourseApp-data
os.name=Linux
os.arch=amd64
os.version=5.3.0-28-generic
derby.system.home=null
Database Class Loader started - derby.database.classpath=''
----------------------------------------------------------------
Sun Mar 01 10:26:16 IST 2020:
Shutting down instance a81d43c7-0170-9469-c487-000018f291a0 on database directory memory:/home/sugreev/Desktop/MyTest/CourseApp-data/testdb with class loader sun.misc.Launcher$AppClassLoader@75b84c92 
----------------------------------------------------------------
Sun Mar 01 10:26:17 IST 2020:
Booting Derby version The Apache Software Foundation - Apache Derby - 10.14.2.0 - (1828579): instance 2ad0c483-0170-9469-c487-000018f291a0 
on database directory memory:/home/sugreev/Desktop/MyTest/CourseApp-data/testdb with class loader sun.misc.Launcher$AppClassLoader@75b84c92 
Loaded from file:/home/sugreev/.m2/repository/org/apache/derby/derby/10.14.2.0/derby-10.14.2.0.jar
java.vendor=Private Build
java.runtime.version=1.8.0_242-8u242-b08-0ubuntu3~18.04-b08
user.dir=/home/sugreev/Desktop/MyTest/CourseApp-data
os.name=Linux
os.arch=amd64
os.version=5.3.0-28-generic
derby.system.home=null
Database Class Loader started - derby.database.classpath=''
----------------------------------------------------------------
Sun Mar 01 10:41:54 IST 2020:
Shutting down instance 2ad0c483-0170-9469-c487-000018f291a0 on database directory memory:/home/sugreev/Desktop/MyTest/CourseApp-data/testdb with class loader sun.misc.Launcher$AppClassLoader@75b84c92 
----------------------------------------------------------------
Sun Mar 01 10:41:55 IST 2020:
Booting Derby version The Apache Software Foundation - Apache Derby - 10.14.2.0 - (1828579): instance 85414567-0170-9469-c487-000018f291a0 
on database directory memory:/home/sugreev/Desktop/MyTest/CourseApp-data/testdb with class loader sun.misc.Launcher$AppClassLoader@75b84c92 
Loaded from file:/home/sugreev/.m2/repository/org/apache/derby/derby/10.14.2.0/derby-10.14.2.0.jar
java.vendor=Private Build
java.runtime.version=1.8.0_242-8u242-b08-0ubuntu3~18.04-b08
user.dir=/home/sugreev/Desktop/MyTest/CourseApp-data
os.name=Linux
os.arch=amd64
os.version=5.3.0-28-generic
derby.system.home=null
Database Class Loader started - derby.database.classpath=''
----------------------------------------------------------------
Sun Mar 01 10:42:01 IST 2020:
Shutting down instance 85414567-0170-9469-c487-000018f291a0 on database directory memory:/home/sugreev/Desktop/MyTest/CourseApp-data/testdb with class loader sun.misc.Launcher$AppClassLoader@75b84c92 
----------------------------------------------------------------
Sun Mar 01 10:42:02 IST 2020:
Booting Derby version The Apache Software Foundation - Apache Derby - 10.14.2.0 - (1828579): instance 5454c623-0170-9469-c487-000018f291a0 
on database directory memory:/home/sugreev/Desktop/MyTest/CourseApp-data/testdb with class loader sun.misc.Launcher$AppClassLoader@75b84c92 
Loaded from file:/home/sugreev/.m2/repository/org/apache/derby/derby/10.14.2.0/derby-10.14.2.0.jar
java.vendor=Private Build
java.runtime.version=1.8.0_242-8u242-b08-0ubuntu3~18.04-b08
user.dir=/home/sugreev/Desktop/MyTest/CourseApp-data
os.name=Linux
os.arch=amd64
os.version=5.3.0-28-generic
derby.system.home=null
Database Class Loader started - derby.database.classpath=''
----------------------------------------------------------------
Sun Mar 01 10:42:12 IST 2020:
Shutting down instance 5454c623-0170-9469-c487-000018f291a0 on database directory memory:/home/sugreev/Desktop/MyTest/CourseApp-data/testdb with class loader sun.misc.Launcher$AppClassLoader@75b84c92 
----------------------------------------------------------------
Sun Mar 01 10:42:13 IST 2020:
Booting Derby version The Apache Software Foundation - Apache Derby - 10.14.2.0 - (1828579): instance 45ec46df-0170-9469-c487-000018f291a0 
on database directory memory:/home/sugreev/Desktop/MyTest/CourseApp-data/testdb with class loader sun.misc.Launcher$AppClassLoader@75b84c92 
Loaded from file:/home/sugreev/.m2/repository/org/apache/derby/derby/10.14.2.0/derby-10.14.2.0.jar
java.vendor=Private Build
java.runtime.version=1.8.0_242-8u242-b08-0ubuntu3~18.04-b08
user.dir=/home/sugreev/Desktop/MyTest/CourseApp-data
os.name=Linux
os.arch=amd64
os.version=5.3.0-28-generic
derby.system.home=null
Database Class Loader started - derby.database.classpath=''
----------------------------------------------------------------
Sun Mar 01 10:45:47 IST 2020:
Shutting down instance 45ec46df-0170-9469-c487-000018f291a0 on database directory memory:/home/sugreev/Desktop/MyTest/CourseApp-data/testdb with class loader sun.misc.Launcher$AppClassLoader@75b84c92 
----------------------------------------------------------------
Sun Mar 01 10:45:48 IST 2020:
Booting Derby version The Apache Software Foundation - Apache Derby - 10.14.2.0 - (1828579): instance c1db87b4-0170-9469-c487-000018f291a0 
on database directory memory:/home/sugreev/Desktop/MyTest/CourseApp-data/testdb with class loader sun.misc.Launcher$AppClassLoader@75b84c92 
Loaded from file:/home/sugreev/.m2/repository/org/apache/derby/derby/10.14.2.0/derby-10.14.2.0.jar
java.vendor=Private Build
java.runtime.version=1.8.0_242-8u242-b08-0ubuntu3~18.04-b08
user.dir=/home/sugreev/Desktop/MyTest/CourseApp-data
os.name=Linux
os.arch=amd64
os.version=5.3.0-28-generic
derby.system.home=null
Database Class Loader started - derby.database.classpath=''
----------------------------------------------------------------
Sun Mar 01 10:46:04 IST 2020:
Shutting down instance c1db87b4-0170-9469-c487-000018f291a0 on database directory memory:/home/sugreev/Desktop/MyTest/CourseApp-data/testdb with class loader sun.misc.Launcher$AppClassLoader@75b84c92 
----------------------------------------------------------------
Sun Mar 01 10:46:05 IST 2020:
Booting Derby version The Apache Software Foundation - Apache Derby - 10.14.2.0 - (1828579): instance dd120870-0170-9469-c487-000018f291a0 
on database directory memory:/home/sugreev/Desktop/MyTest/CourseApp-data/testdb with class loader sun.misc.Launcher$AppClassLoader@75b84c92 
Loaded from file:/home/sugreev/.m2/repository/org/apache/derby/derby/10.14.2.0/derby-10.14.2.0.jar
java.vendor=Private Build
java.runtime.version=1.8.0_242-8u242-b08-0ubuntu3~18.04-b08
user.dir=/home/sugreev/Desktop/MyTest/CourseApp-data
os.name=Linux
os.arch=amd64
os.version=5.3.0-28-generic
derby.system.home=null
Database Class Loader started - derby.database.classpath=''
----------------------------------------------------------------
Sun Mar 01 10:46:38 IST 2020:
Shutting down instance dd120870-0170-9469-c487-000018f291a0 on database directory memory:/home/sugreev/Desktop/MyTest/CourseApp-data/testdb with class loader sun.misc.Launcher$AppClassLoader@75b84c92 
----------------------------------------------------------------
Sun Mar 01 10:46:39 IST 2020:
Booting Derby version The Apache Software Foundation - Apache Derby - 10.14.2.0 - (1828579): instance 1acc892c-0170-9469-c487-000018f291a0 
on database directory memory:/home/sugreev/Desktop/MyTest/CourseApp-data/testdb with class loader sun.misc.Launcher$AppClassLoader@75b84c92 
Loaded from file:/home/sugreev/.m2/repository/org/apache/derby/derby/10.14.2.0/derby-10.14.2.0.jar
java.vendor=Private Build
java.runtime.version=1.8.0_242-8u242-b08-0ubuntu3~18.04-b08
user.dir=/home/sugreev/Desktop/MyTest/CourseApp-data
os.name=Linux
os.arch=amd64
os.version=5.3.0-28-generic
derby.system.home=null
Database Class Loader started - derby.database.classpath=''
----------------------------------------------------------------
Sun Mar 01 10:52:19 IST 2020:
Shutting down instance 1acc892c-0170-9469-c487-000018f291a0 on database directory memory:/home/sugreev/Desktop/MyTest/CourseApp-data/testdb with class loader sun.misc.Launcher$AppClassLoader@75b84c92 
